#
# There is insufficient memory for the Java Runtime Environment to continue.
# Native memory allocation (mmap) failed to map 19922944 bytes for committing reserved memory.
# Possible reasons:
#   The system is out of physical RAM or swap space
#   In 32 bit mode, the process size limit was hit
# Possible solutions:
#   Reduce memory load on the system
#   Increase physical memory or swap space
#   Check if swap backing store is full
#   Use 64 bit Java on a 64 bit OS
#   Decrease Java heap size (-Xmx/-Xms)
#   Decrease number of Java threads
#   Decrease Java thread stack sizes (-Xss)
#   Set larger code cache with -XX:ReservedCodeCacheSize=
# This output file may be truncated or incomplete.
#
#  Out of Memory Error (os_linux.cpp:2651), pid=11646, tid=0x00007f76e0efe700
#
# JRE version: OpenJDK Runtime Environment (8.0_144-b01) (build 1.8.0_144-b01)
# Java VM: OpenJDK 64-Bit Server VM (25.144-b01 mixed mode linux-amd64 compressed oops)
# Failed to write core dump. Core dumps have been disabled. To enable core dumping, try "ulimit -c unlimited" before starting Java again
#

---------------  T H R E A D  ---------------

Current thread (0x00007f76f0080800):  VMThread [stack: 0x00007f76e0dfe000,0x00007f76e0eff000] [id=11650]

Stack: [0x00007f76e0dfe000,0x00007f76e0eff000],  sp=0x00007f76e0efd460,  free space=1021k
Native frames: (J=compiled Java code, j=interpreted, Vv=VM code, C=native code)
V  [libjvm.so+0xaacf3d]
V  [libjvm.so+0x4eaafa]
V  [libjvm.so+0x8aca98]
V  [libjvm.so+0x8a6fce]
V  [libjvm.so+0x91fb4b]
V  [libjvm.so+0x9103da]
V  [libjvm.so+0x9105ab]
V  [libjvm.so+0x910ef8]
V  [libjvm.so+0x91673c]
V  [libjvm.so+0x91de0d]
V  [libjvm.so+0x8d09c3]
V  [libjvm.so+0xaaecb3]
V  [libjvm.so+0xab3157]
V  [libjvm.so+0xab1b48]
V  [libjvm.so+0xab2019]
V  [libjvm.so+0xab2471]
V  [libjvm.so+0x8a9df2]

VM_Operation (0x00007f76c4c37020): ParallelGCFailedAllocation, mode: safepoint, requested by thread 0x00007f76b0001800


---------------  P R O C E S S  ---------------

Java Threads: ( => current thread )
  0x00007f76b0001800 JavaThread "localhost-startStop-1" daemon [_thread_blocked, id=11683, stack(0x00007f76c4b38000,0x00007f76c4c39000)]
  0x00007f76f0a8d800 JavaThread "Tomcat-startStop-1" daemon [_thread_blocked, id=11682, stack(0x00007f76c4936000,0x00007f76c4a37000)]
  0x00007f76f064e800 JavaThread "resolver-4" daemon [_thread_blocked, id=11663, stack(0x00007f76c4c39000,0x00007f76c4d3a000)]
  0x00007f76f064d800 JavaThread "resolver-3" daemon [_thread_blocked, id=11662, stack(0x00007f76c4d3a000,0x00007f76c4e3b000)]
  0x00007f76f064c000 JavaThread "resolver-2" daemon [_thread_blocked, id=11661, stack(0x00007f76c4e3b000,0x00007f76c4f3c000)]
  0x00007f76f0121000 JavaThread "resolver-1" daemon [_thread_blocked, id=11660, stack(0x00007f76c4f3c000,0x00007f76c503d000)]
  0x00007f76f05ef800 JavaThread "process reaper" daemon [_thread_blocked, id=11659, stack(0x00007f76e02be000,0x00007f76e02f7000)]
  0x00007f76f00d5800 JavaThread "Service Thread" daemon [_thread_blocked, id=11656, stack(0x00007f76e07f8000,0x00007f76e08f9000)]
  0x00007f76f00c9000 JavaThread "C1 CompilerThread1" daemon [_thread_blocked, id=11655, stack(0x00007f76e08f9000,0x00007f76e09fa000)]
  0x00007f76f00bb800 JavaThread "C2 CompilerThread0" daemon [_thread_in_native, id=11654, stack(0x00007f76e09fa000,0x00007f76e0afb000)]
  0x00007f76f00b9800 JavaThread "Signal Dispatcher" daemon [_thread_blocked, id=11653, stack(0x00007f76e0afb000,0x00007f76e0bfc000)]
  0x00007f76f008f000 JavaThread "Finalizer" daemon [_thread_blocked, id=11652, stack(0x00007f76e0bfc000,0x00007f76e0cfd000)]
  0x00007f76f008a800 JavaThread "Reference Handler" daemon [_thread_blocked, id=11651, stack(0x00007f76e0cfd000,0x00007f76e0dfe000)]
  0x00007f76f0009000 JavaThread "main" [_thread_blocked, id=11647, stack(0x00007f76fa3ba000,0x00007f76fa4bb000)]

Other Threads:
=>0x00007f76f0080800 VMThread [stack: 0x00007f76e0dfe000,0x00007f76e0eff000] [id=11650]
  0x00007f76f00d8000 WatcherThread [stack: 0x00007f76e06f7000,0x00007f76e07f8000] [id=11657]

VM state:at safepoint (normal execution)

VM Mutex/Monitor currently owned by a thread:  ([mutex/lock_event])
[0x00007f76f0005ed0] ExpandHeap_lock - owner thread: 0x00007f76f0080800
[0x00007f76f0006550] Threads_lock - owner thread: 0x00007f76f0080800
[0x00007f76f0006a50] Heap_lock - owner thread: 0x00007f76b0001800

Heap:
 PSYoungGen      total 215552K, used 0K [0x00000000f0800000, 0x0000000100000000, 0x0000000100000000)
  eden space 196608K, 0% used [0x00000000f0800000,0x00000000f0800000,0x00000000fc800000)
  from space 18944K, 0% used [0x00000000fed80000,0x00000000fed80000,0x0000000100000000)
  to   space 28672K, 0% used [0x00000000fc800000,0x00000000fc800000,0x00000000fe400000)
 ParOldGen       total 84480K, used 50610K [0x00000000d1800000, 0x00000000d6a80000, 0x00000000f0800000)
  object space 84480K, 59% used [0x00000000d1800000,0x00000000d496c8b8,0x00000000d6a80000)
 Metaspace       used 30958K, capacity 31574K, committed 31872K, reserved 1077248K
  class space    used 3432K, capacity 3627K, committed 3712K, reserved 1048576K

Card table byte_map: [0x00007f76f6f2e000,0x00007f76f70a3000] byte_map_base: 0x00007f76f68a2000

Marking Bits: (ParMarkBitMap*) 0x00007f76f968cca0
 Begin Bits: [0x00007f76f54f4000, 0x00007f76f6094000)
 End Bits:   [0x00007f76f6094000, 0x00007f76f6c34000)

Polling page: 0x00007f76fa4cd000

CodeCache: size=245760Kb used=12952Kb max_used=13006Kb free=232807Kb
 bounds [0x00007f76e1000000, 0x00007f76e1cf0000, 0x00007f76f0000000]
 total_blobs=4408 nmethods=3987 adapters=335
 compilation: enabled

Compilation events (10 events):
Event: 45.443 Thread 0x00007f76f00c9000 nmethod 4597 0x00007f76e139d310 code [0x00007f76e139d460, 0x00007f76e139d570]
Event: 45.443 Thread 0x00007f76f00c9000 4598       1       org.apache.catalina.deploy.WebXml::getMimeMappings (5 bytes)
Event: 45.444 Thread 0x00007f76f00c9000 nmethod 4598 0x00007f76e139d050 code [0x00007f76e139d1a0, 0x00007f76e139d2b0]
Event: 45.444 Thread 0x00007f76f00c9000 4590       1       org.apache.catalina.deploy.WebXml::getContextParams (5 bytes)
Event: 45.444 Thread 0x00007f76f00c9000 nmethod 4590 0x00007f76e139cd90 code [0x00007f76e139cee0, 0x00007f76e139cff0]
Event: 45.452 Thread 0x00007f76f00bb800 4613   !   4       org.apache.catalina.startup.ContextConfig::populateJavaClassCache (159 bytes)
Event: 45.983 Thread 0x00007f76f00c9000 4615       3       java.net.URLConnection::<init> (44 bytes)
Event: 46.445 Thread 0x00007f76f00c9000 nmethod 4615 0x00007f76e139c8d0 code [0x00007f76e139ca40, 0x00007f76e139cc50]
Event: 46.576 Thread 0x00007f76f00c9000 4616       3       java.io.DataInputStream::readLong (128 bytes)
Event: 46.844 Thread 0x00007f76f00c9000 nmethod 4616 0x00007f76e157ef50 code [0x00007f76e157f0e0, 0x00007f76e157f488]

GC Heap History (10 events):
Event: 11.513 GC heap after
Heap after GC invocations=8 (full 1):
 PSYoungGen      total 105472K, used 0K [0x00000000f0800000, 0x00000000fd800000, 0x0000000100000000)
  eden space 95744K, 0% used [0x00000000f0800000,0x00000000f0800000,0x00000000f6580000)
  from space 9728K, 0% used [0x00000000f6580000,0x00000000f6580000,0x00000000f6f00000)
  to   space 10752K, 0% used [0x00000000fcd80000,0x00000000fcd80000,0x00000000fd800000)
 ParOldGen       total 38400K, used 18341K [0x00000000d1800000, 0x00000000d3d80000, 0x00000000f0800000)
  object space 38400K, 47% used [0x00000000d1800000,0x00000000d29e9728,0x00000000d3d80000)
 Metaspace       used 20839K, capacity 21162K, committed 21248K, reserved 1069056K
  class space    used 2346K, capacity 2488K, committed 2560K, reserved 1048576K
}
Event: 14.589 GC heap before
{Heap before GC invocations=9 (full 1):
 PSYoungGen      total 105472K, used 95744K [0x00000000f0800000, 0x00000000fd800000, 0x0000000100000000)
  eden space 95744K, 100% used [0x00000000f0800000,0x00000000f6580000,0x00000000f6580000)
  from space 9728K, 0% used [0x00000000f6580000,0x00000000f6580000,0x00000000f6f00000)
  to   space 10752K, 0% used [0x00000000fcd80000,0x00000000fcd80000,0x00000000fd800000)
 ParOldGen       total 38400K, used 23224K [0x00000000d1800000, 0x00000000d3d80000, 0x00000000f0800000)
  object space 38400K, 60% used [0x00000000d1800000,0x00000000d2eae300,0x00000000d3d80000)
 Metaspace       used 24644K, capacity 25164K, committed 25472K, reserved 1071104K
  class space    used 2783K, capacity 2920K, committed 2944K, reserved 1048576K
Event: 15.259 GC heap after
Heap after GC invocations=9 (full 1):
 PSYoungGen      total 191488K, used 10175K [0x00000000f0800000, 0x00000000fd780000, 0x0000000100000000)
  eden space 181248K, 0% used [0x00000000f0800000,0x00000000f0800000,0x00000000fb900000)
  from space 10240K, 99% used [0x00000000fcd80000,0x00000000fd76fd90,0x00000000fd780000)
  to   space 12288K, 0% used [0x00000000fbf80000,0x00000000fbf80000,0x00000000fcb80000)
 ParOldGen       total 48640K, used 47638K [0x00000000d1800000, 0x00000000d4780000, 0x00000000f0800000)
  object space 48640K, 97% used [0x00000000d1800000,0x00000000d4685b90,0x00000000d4780000)
 Metaspace       used 24644K, capacity 25164K, committed 25472K, reserved 1071104K
  class space    used 2783K, capacity 2920K, committed 2944K, reserved 1048576K
}
Event: 15.259 GC heap before
{Heap before GC invocations=10 (full 2):
 PSYoungGen      total 191488K, used 10175K [0x00000000f0800000, 0x00000000fd780000, 0x0000000100000000)
  eden space 181248K, 0% used [0x00000000f0800000,0x00000000f0800000,0x00000000fb900000)
  from space 10240K, 99% used [0x00000000fcd80000,0x00000000fd76fd90,0x00000000fd780000)
  to   space 12288K, 0% used [0x00000000fbf80000,0x00000000fbf80000,0x00000000fcb80000)
 ParOldGen       total 48640K, used 47638K [0x00000000d1800000, 0x00000000d4780000, 0x00000000f0800000)
  object space 48640K, 97% used [0x00000000d1800000,0x00000000d4685b90,0x00000000d4780000)
 Metaspace       used 24644K, capacity 25164K, committed 25472K, reserved 1071104K
  class space    used 2783K, capacity 2920K, committed 2944K, reserved 1048576K
Event: 15.883 GC heap after
Heap after GC invocations=10 (full 2):
 PSYoungGen      total 191488K, used 0K [0x00000000f0800000, 0x00000000fd780000, 0x0000000100000000)
  eden space 181248K, 0% used [0x00000000f0800000,0x00000000f0800000,0x00000000fb900000)
  from space 10240K, 0% used [0x00000000fcd80000,0x00000000fcd80000,0x00000000fd780000)
  to   space 12288K, 0% used [0x00000000fbf80000,0x00000000fbf80000,0x00000000fcb80000)
 ParOldGen       total 84480K, used 47071K [0x00000000d1800000, 0x00000000d6a80000, 0x00000000f0800000)
  object space 84480K, 55% used [0x00000000d1800000,0x00000000d45f7f48,0x00000000d6a80000)
 Metaspace       used 24644K, capacity 25164K, committed 25472K, reserved 1071104K
  class space    used 2783K, capacity 2920K, committed 2944K, reserved 1048576K
}
Event: 31.534 GC heap before
{Heap before GC invocations=11 (full 2):
 PSYoungGen      total 191488K, used 181248K [0x00000000f0800000, 0x00000000fd780000, 0x0000000100000000)
  eden space 181248K, 100% used [0x00000000f0800000,0x00000000fb900000,0x00000000fb900000)
  from space 10240K, 0% used [0x00000000fcd80000,0x00000000fcd80000,0x00000000fd780000)
  to   space 12288K, 0% used [0x00000000fbf80000,0x00000000fbf80000,0x00000000fcb80000)
 ParOldGen       total 84480K, used 47074K [0x00000000d1800000, 0x00000000d6a80000, 0x00000000f0800000)
  object space 84480K, 55% used [0x00000000d1800000,0x00000000d45f8848,0x00000000d6a80000)
 Metaspace       used 30926K, capacity 31560K, committed 31872K, reserved 1077248K
  class space    used 3429K, capacity 3625K, committed 3712K, reserved 1048576K
Event: 31.608 GC heap after
Heap after GC invocations=11 (full 2):
 PSYoungGen      total 200192K, used 12279K [0x00000000f0800000, 0x0000000100000000, 0x0000000100000000)
  eden space 187904K, 0% used [0x00000000f0800000,0x00000000f0800000,0x00000000fbf80000)
  from space 12288K, 99% used [0x00000000fbf80000,0x00000000fcb7df20,0x00000000fcb80000)
  to   space 18944K, 0% used [0x00000000fed80000,0x00000000fed80000,0x0000000100000000)
 ParOldGen       total 84480K, used 59506K [0x00000000d1800000, 0x00000000d6a80000, 0x00000000f0800000)
  object space 84480K, 70% used [0x00000000d1800000,0x00000000d521cb60,0x00000000d6a80000)
 Metaspace       used 30926K, capacity 31560K, committed 31872K, reserved 1077248K
  class space    used 3429K, capacity 3625K, committed 3712K, reserved 1048576K
}
Event: 47.249 GC heap before
{Heap before GC invocations=12 (full 2):
 PSYoungGen      total 200192K, used 200183K [0x00000000f0800000, 0x0000000100000000, 0x0000000100000000)
  eden space 187904K, 100% used [0x00000000f0800000,0x00000000fbf80000,0x00000000fbf80000)
  from space 12288K, 99% used [0x00000000fbf80000,0x00000000fcb7df20,0x00000000fcb80000)
  to   space 18944K, 0% used [0x00000000fed80000,0x00000000fed80000,0x0000000100000000)
 ParOldGen       total 84480K, used 59506K [0x00000000d1800000, 0x00000000d6a80000, 0x00000000f0800000)
  object space 84480K, 70% used [0x00000000d1800000,0x00000000d521cb60,0x00000000d6a80000)
 Metaspace       used 30958K, capacity 31574K, committed 31872K, reserved 1077248K
  class space    used 3432K, capacity 3627K, committed 3712K, reserved 1048576K
Event: 58.512 GC heap after
Heap after GC invocations=12 (full 2):
 PSYoungGen      total 215552K, used 18912K [0x00000000f0800000, 0x0000000100000000, 0x0000000100000000)
  eden space 196608K, 0% used [0x00000000f0800000,0x00000000f0800000,0x00000000fc800000)
  from space 18944K, 99% used [0x00000000fed80000,0x00000000ffff80a0,0x0000000100000000)
  to   space 28672K, 0% used [0x00000000fc800000,0x00000000fc800000,0x00000000fe400000)
 ParOldGen       total 84480K, used 77825K [0x00000000d1800000, 0x00000000d6a80000, 0x00000000f0800000)
  object space 84480K, 92% used [0x00000000d1800000,0x00000000d6400560,0x00000000d6a80000)
 Metaspace       used 30958K, capacity 31574K, committed 31872K, reserved 1077248K
  class space    used 3432K, capacity 3627K, committed 3712K, reserved 1048576K
}
Event: 73.298 GC heap before
{Heap before GC invocations=13 (full 3):
 PSYoungGen      total 215552K, used 18912K [0x00000000f0800000, 0x0000000100000000, 0x0000000100000000)
  eden space 196608K, 0% used [0x00000000f0800000,0x00000000f0800000,0x00000000fc800000)
  from space 18944K, 99% used [0x00000000fed80000,0x00000000ffff80a0,0x0000000100000000)
  to   space 28672K, 0% used [0x00000000fc800000,0x00000000fc800000,0x00000000fe400000)
 ParOldGen       total 84480K, used 77825K [0x00000000d1800000, 0x00000000d6a80000, 0x00000000f0800000)
  object space 84480K, 92% used [0x00000000d1800000,0x00000000d6400560,0x00000000d6a80000)
 Metaspace       used 30958K, capacity 31574K, committed 31872K, reserved 1077248K
  class space    used 3432K, capacity 3627K, committed 3712K, reserved 1048576K

Deoptimization events (10 events):
Event: 20.690 Thread 0x00007f76f0009000 Uncommon trap: reason=bimorphic action=maybe_recompile pc=0x00007f76e12d468c method=java.util.Hashtable.get(Ljava/lang/Object;)Ljava/lang/Object; @ 6
Event: 20.774 Thread 0x00007f76b0001800 Uncommon trap: reason=null_check action=make_not_entrant pc=0x00007f76e185eb8c method=java.lang.StringCoding.deref(Ljava/lang/ThreadLocal;)Ljava/lang/Object; @ 4
Event: 21.001 Thread 0x00007f76b0001800 Uncommon trap: reason=bimorphic action=maybe_recompile pc=0x00007f76e12d468c method=java.util.Hashtable.get(Ljava/lang/Object;)Ljava/lang/Object; @ 6
Event: 21.077 Thread 0x00007f76b0001800 Uncommon trap: reason=unstable_if action=reinterpret pc=0x00007f76e12e7efc method=java.lang.AbstractStringBuilder.append(Ljava/lang/String;)Ljava/lang/AbstractStringBuilder; @ 1
Event: 21.077 Thread 0x00007f76b0001800 Uncommon trap: reason=unstable_if action=reinterpret pc=0x00007f76e12c5c74 method=java.lang.AbstractStringBuilder.append(Ljava/lang/String;)Ljava/lang/AbstractStringBuilder; @ 1
Event: 21.099 Thread 0x00007f76b0001800 Uncommon trap: reason=class_check action=maybe_recompile pc=0x00007f76e15ff2bc method=java.util.Hashtable.addEntry(ILjava/lang/Object;Ljava/lang/Object;I)V @ 38
Event: 21.126 Thread 0x00007f76b0001800 Uncommon trap: reason=unstable_if action=reinterpret pc=0x00007f76e182e8bc method=com.sun.org.apache.xerces.internal.impl.XMLEntityScanner.peekChar()I @ 14
Event: 21.244 Thread 0x00007f76b0001800 Uncommon trap: reason=unstable_if action=reinterpret pc=0x00007f76e1b8f6e0 method=java.net.URLStreamHandler.sameFile(Ljava/net/URL;Ljava/net/URL;)Z @ 63
Event: 21.517 Thread 0x00007f76b0001800 Uncommon trap: reason=unstable_if action=reinterpret pc=0x00007f76e1ae0844 method=org.codehaus.plexus.classworlds.realm.Entry.matches(Ljava/lang/String;)Z @ 209
Event: 44.817 Thread 0x00007f76b0001800 Uncommon trap: reason=unstable_if action=reinterpret pc=0x00007f76e153e2a8 method=java.util.LinkedHashMap.afterNodeRemoval(Ljava/util/HashMap$Node;)V @ 27

Internal exceptions (10 events):
Event: 12.102 Thread 0x00007f76f0009000 Exception <a 'java/lang/NoClassDefFoundError': org/slf4j/Logger> (0x00000000f18e3da8) thrown at [/builddir/build/BUILD/java-1.8.0-openjdk-1.8.0.144-0.b01.el7_4.x86_64/openjdk/hotspot/src/share/vm/oops/constantPool.cpp, line 235]
Event: 12.294 Thread 0x00007f76f064c000 Implicit null exception at 0x00007f76e179d6cb to 0x00007f76e179d799
Event: 13.436 Thread 0x00007f76f0009000 Exception <a 'java/lang/NoClassDefFoundError': org/slf4j/Logger> (0x00000000f3d17280) thrown at [/builddir/build/BUILD/java-1.8.0-openjdk-1.8.0.144-0.b01.el7_4.x86_64/openjdk/hotspot/src/share/vm/oops/constantPool.cpp, line 235]
Event: 18.102 Thread 0x00007f76f0009000 Implicit null exception at 0x00007f76e1af7272 to 0x00007f76e1afabf1
Event: 19.164 Thread 0x00007f76f0009000 Exception <a 'java/lang/NoClassDefFoundError': org/slf4j/Logger> (0x00000000f2f7c318) thrown at [/builddir/build/BUILD/java-1.8.0-openjdk-1.8.0.144-0.b01.el7_4.x86_64/openjdk/hotspot/src/share/vm/oops/constantPool.cpp, line 235]
Event: 19.258 Thread 0x00007f76f0009000 Exception <a 'java/io/FileNotFoundException'> (0x00000000f322e770) thrown at [/builddir/build/BUILD/java-1.8.0-openjdk-1.8.0.144-0.b01.el7_4.x86_64/openjdk/hotspot/src/share/vm/prims/jni.cpp, line 710]
Event: 20.634 Thread 0x00007f76f0009000 Exception <a 'java/net/BindException'> (0x00000000f4185290) thrown at [/builddir/build/BUILD/java-1.8.0-openjdk-1.8.0.144-0.b01.el7_4.x86_64/openjdk/hotspot/src/share/vm/prims/jni.cpp, line 710]
Event: 20.774 Thread 0x00007f76b0001800 Implicit null exception at 0x00007f76e185e3d7 to 0x00007f76e185eb71
Event: 21.077 Thread 0x00007f76b0001800 Implicit null exception at 0x00007f76e12e7b35 to 0x00007f76e12e7ee9
Event: 21.077 Thread 0x00007f76b0001800 Implicit null exception at 0x00007f76e12c5876 to 0x00007f76e12c5c5d

Events (10 events):
Event: 36.999 loading class org/springframework/web/servlet/support/AbstractAnnotationConfigDispatcherServletInitializer done
Event: 37.014 Thread 0x00007f76f00c9000 flushing nmethod 0x00007f76e189cf90
Event: 37.305 Thread 0x00007f76f00c9000 flushing nmethod 0x00007f76e19bcb90
Event: 37.329 Thread 0x00007f76f00c9000 flushing nmethod 0x00007f76e1af5fd0
Event: 44.811 Thread 0x00007f76b0001800 Uncommon trap: trap_request=0xffffff65 fr.pc=0x00007f76e153e2a8
Event: 44.819 Thread 0x00007f76b0001800 DEOPT PACKING pc=0x00007f76e153e2a8 sp=0x00007f76c4c36610
Event: 44.819 Thread 0x00007f76b0001800 DEOPT UNPACKING pc=0x00007f76e1004f69 sp=0x00007f76c4c365b0 mode 2
Event: 44.820 Thread 0x00007f76b0001800 DEOPT PACKING pc=0x00007f76e1574640 sp=0x00007f76c4c36210
Event: 44.821 Thread 0x00007f76b0001800 DEOPT UNPACKING pc=0x00007f76e1047373 sp=0x00007f76c4c36080 mode 0
Event: 46.839 Executing VM operation: ParallelGCFailedAllocation


Dynamic libraries:
00400000-00401000 r-xp 00000000 fd:00 21210523                           /usr/lib/jvm/java-1.8.0-openjdk-1.8.0.144-0.b01.el7_4.x86_64/bin/java
00600000-00601000 r--p 00000000 fd:00 21210523                           /usr/lib/jvm/java-1.8.0-openjdk-1.8.0.144-0.b01.el7_4.x86_64/bin/java
00601000-00602000 rw-p 00001000 fd:00 21210523                           /usr/lib/jvm/java-1.8.0-openjdk-1.8.0.144-0.b01.el7_4.x86_64/bin/java
00676000-00697000 rw-p 00000000 00:00 0                                  [heap]
d1800000-d6a80000 rw-p 00000000 00:00 0 
d7d80000-f0800000 ---p 00000000 00:00 0 
f0800000-100000000 rw-p 00000000 00:00 0 
100000000-1003a0000 rw-p 00000000 00:00 0 
1003a0000-140000000 ---p 00000000 00:00 0 
7f769fdac000-7f769fdbf000 r--s 00346000 fd:00 54754051                   /usr/lib/jvm/java-1.8.0-openjdk-1.8.0.144-0.b01.el7_4.x86_64/jre/lib/resources.jar
7f769fdbf000-7f769fdd0000 r--s 000cf000 fd:00 29442282                   /home/jreitzig/eclipse-workspace/SmokeTest/target/smoketest-0.0.1-SNAPSHOT/WEB-INF/lib/spring-webmvc-4.3.7.RELEASE.jar
7f769fdd0000-7f769fde1000 r--s 000b7000 fd:00 29442284                   /home/jreitzig/eclipse-workspace/SmokeTest/target/smoketest-0.0.1-SNAPSHOT/WEB-INF/lib/spring-web-4.3.7.RELEASE.jar
7f769fde1000-7f769fde6000 r--s 0003c000 fd:00 29442280                   /home/jreitzig/eclipse-workspace/SmokeTest/target/smoketest-0.0.1-SNAPSHOT/WEB-INF/lib/spring-expression-4.3.7.RELEASE.jar
7f769fde6000-7f769fe00000 r--s 000fd000 fd:00 29442275                   /home/jreitzig/eclipse-workspace/SmokeTest/target/smoketest-0.0.1-SNAPSHOT/WEB-INF/lib/spring-context-4.3.7.RELEASE.jar
7f769fe00000-7f769ff80000 rw-p 00000000 00:00 0 
7f769ff80000-7f76a0000000 ---p 00000000 00:00 0 
7f76a0000000-7f76a0021000 rw-p 00000000 00:00 0 
7f76a0021000-7f76a4000000 ---p 00000000 00:00 0 
7f76a4000000-7f76a4021000 rw-p 00000000 00:00 0 
7f76a4021000-7f76a8000000 ---p 00000000 00:00 0 
7f76a8000000-7f76a8043000 rw-p 00000000 00:00 0 
7f76a8043000-7f76ac000000 ---p 00000000 00:00 0 
7f76ac000000-7f76ac021000 rw-p 00000000 00:00 0 
7f76ac021000-7f76b0000000 ---p 00000000 00:00 0 
7f76b0000000-7f76b0021000 rw-p 00000000 00:00 0 
7f76b0021000-7f76b4000000 ---p 00000000 00:00 0 
7f76b4000000-7f76b4043000 rw-p 00000000 00:00 0 
7f76b4043000-7f76b8000000 ---p 00000000 00:00 0 
7f76b8000000-7f76ba387000 rw-p 00000000 00:00 0 
7f76ba387000-7f76bc000000 ---p 00000000 00:00 0 
7f76bc000000-7f76bd7b0000 rw-p 00000000 00:00 0 
7f76bd7b0000-7f76c0000000 ---p 00000000 00:00 0 
7f76c0000000-7f76c0021000 rw-p 00000000 00:00 0 
7f76c0021000-7f76c4000000 ---p 00000000 00:00 0 
7f76c4001000-7f76c4002000 rw-p 00000000 00:00 0 
7f76c4002000-7f76c4019000 r--s 000fb000 fd:00 29442277                   /home/jreitzig/eclipse-workspace/SmokeTest/target/smoketest-0.0.1-SNAPSHOT/WEB-INF/lib/spring-core-4.3.7.RELEASE.jar
7f76c4019000-7f76c4027000 r--s 000ad000 fd:00 29442276                   /home/jreitzig/eclipse-workspace/SmokeTest/target/smoketest-0.0.1-SNAPSHOT/WEB-INF/lib/spring-beans-4.3.7.RELEASE.jar
7f76c4027000-7f76c4030000 r--s 00054000 fd:00 29442281                   /home/jreitzig/eclipse-workspace/SmokeTest/target/smoketest-0.0.1-SNAPSHOT/WEB-INF/lib/spring-aop-4.3.7.RELEASE.jar
7f76c4030000-7f76c4031000 r--s 00002000 fd:00 29442302                   /home/jreitzig/eclipse-workspace/SmokeTest/target/smoketest-0.0.1-SNAPSHOT/WEB-INF/lib/slf4j-log4j12-1.7.21.jar
7f76c4031000-7f76c4033000 r--s 00009000 fd:00 29442301                   /home/jreitzig/eclipse-workspace/SmokeTest/target/smoketest-0.0.1-SNAPSHOT/WEB-INF/lib/slf4j-api-1.7.21.jar
7f76c4033000-7f76c403c000 r--s 0006f000 fd:00 29442303                   /home/jreitzig/eclipse-workspace/SmokeTest/target/smoketest-0.0.1-SNAPSHOT/WEB-INF/lib/log4j-1.2.17.jar
7f76c403c000-7f76c4046000 r--s 0005c000 fd:00 29442295                   /home/jreitzig/eclipse-workspace/SmokeTest/target/smoketest-0.0.1-SNAPSHOT/WEB-INF/lib/jstl-1.2.jar
7f76c4046000-7f76c4049000 r--s 0001b000 fd:00 29442298                   /home/jreitzig/eclipse-workspace/SmokeTest/target/smoketest-0.0.1-SNAPSHOT/WEB-INF/lib/json-smart-2.3.jar
7f76c4049000-7f76c404f000 r--s 00031000 fd:00 29442297                   /home/jreitzig/eclipse-workspace/SmokeTest/target/smoketest-0.0.1-SNAPSHOT/WEB-INF/lib/json-path-2.3.0.jar
7f76c404f000-7f76c4053000 r--s 0004b000 fd:00 29442296                   /home/jreitzig/eclipse-workspace/SmokeTest/target/smoketest-0.0.1-SNAPSHOT/WEB-INF/lib/jackson-core-2.9.2.jar
7f76c4053000-7f76c4055000 r--s 0000e000 fd:00 29442279                   /home/jreitzig/eclipse-workspace/SmokeTest/target/smoketest-0.0.1-SNAPSHOT/WEB-INF/lib/commons-logging-1.2.jar
7f76c4055000-7f76c4057000 r--s 0000c000 fd:00 29442300                   /home/jreitzig/eclipse-workspace/SmokeTest/target/smoketest-0.0.1-SNAPSHOT/WEB-INF/lib/asm-5.0.4.jar
7f76c4057000-7f76c4059000 r--s 00006000 fd:00 29442299                   /home/jreitzig/eclipse-workspace/SmokeTest/target/smoketest-0.0.1-SNAPSHOT/WEB-INF/lib/accessors-smart-1.2.jar
7f76c4059000-7f76c4064000 r--s 0011c000 fd:00 63124507                   /usr/lib/jvm/java-1.8.0-openjdk-1.8.0.144-0.b01.el7_4.x86_64/jre/lib/ext/localedata.jar
7f76c4064000-7f76c4080000 r--s 003b6000 fd:00 63117886                   /usr/lib/jvm/java-1.8.0-openjdk-1.8.0.144-0.b01.el7_4.x86_64/jre/lib/ext/cldrdata.jar
7f76c4080000-7f76c4089000 r-xp 00000000 fd:00 42001952                   /usr/lib/jvm/java-1.8.0-openjdk-1.8.0.144-0.b01.el7_4.x86_64/jre/lib/amd64/libmanagement.so
7f76c4089000-7f76c4288000 ---p 00009000 fd:00 42001952                   /usr/lib/jvm/java-1.8.0-openjdk-1.8.0.144-0.b01.el7_4.x86_64/jre/lib/amd64/libmanagement.so
7f76c4288000-7f76c4289000 r--p 00008000 fd:00 42001952                   /usr/lib/jvm/java-1.8.0-openjdk-1.8.0.144-0.b01.el7_4.x86_64/jre/lib/amd64/libmanagement.so
7f76c4289000-7f76c428a000 rw-p 00009000 fd:00 42001952                   /usr/lib/jvm/java-1.8.0-openjdk-1.8.0.144-0.b01.el7_4.x86_64/jre/lib/amd64/libmanagement.so
7f76c428a000-7f76c448a000 rw-p 00000000 00:00 0 
7f76c448a000-7f76c448c000 r--s 00005000 fd:00 50509847                   /home/jreitzig/.m2/repository/org/slf4j/slf4j-api/1.7.5/slf4j-api-1.7.5.jar
7f76c448c000-7f76c448e000 r--s 00003000 fd:00 55244009                   /home/jreitzig/.m2/repository/org/slf4j/jcl-over-slf4j/1.7.5/jcl-over-slf4j-1.7.5.jar
7f76c448e000-7f76c448f000 r--s 00002000 fd:00 33694262                   /home/jreitzig/.m2/repository/org/apache/maven/doxia/doxia-logging-api/1.1/doxia-logging-api-1.1.jar
7f76c448f000-7f76c4491000 r--s 00002000 fd:00 21826182                   /home/jreitzig/.m2/repository/org/apache/maven/doxia/doxia-sink-api/1.1/doxia-sink-api-1.1.jar
7f76c4491000-7f76c4492000 r--s 00002000 fd:00 13997403                   /home/jreitzig/.m2/repository/org/apache/maven/reporting/maven-reporting-api/2.2.1/maven-reporting-api-2.2.1.jar
7f76c4492000-7f76c4496000 r--s 00037000 fd:00 38253090                   /home/jreitzig/.m2/repository/org/codehaus/plexus/plexus-utils/3.0.15/plexus-utils-3.0.15.jar
7f76c4496000-7f76c4499000 r--s 0000c000 fd:00 38187358                   /home/jreitzig/.m2/repository/org/codehaus/plexus/plexus-io/2.0.3/plexus-io-2.0.3.jar
7f76c4499000-7f76c449b000 r--s 00011000 fd:00 5124773                    /home/jreitzig/.m2/repository/org/hamcrest/hamcrest-core/1.1/hamcrest-core-1.1.jar
7f76c449b000-7f76c44a2000 r--s 00037000 fd:00 1293905                    /home/jreitzig/.m2/repository/junit/junit/4.10/junit-4.10.jar
7f76c44a2000-7f76c44a7000 r--s 00029000 fd:00 33773460                   /home/jreitzig/.m2/repository/org/codehaus/plexus/plexus-archiver/2.1.1/plexus-archiver-2.1.1.jar
7f76c44a7000-7f76c44ab000 r--s 00014000 fd:00 22050709                   /home/jreitzig/.m2/repository/org/tukaani/xz/1.0/xz-1.0.jar
7f76c44ab000-7f76c44b0000 r--s 00036000 fd:00 19769401                   /home/jreitzig/.m2/repository/org/apache/commons/commons-compress/1.4.1/commons-compress-1.4.1.jar
7f76c44b0000-7f76c44b5000 r--s 00041000 fd:00 42013998                   /home/jreitzig/.m2/repository/commons-lang/commons-lang/2.6/commons-lang-2.6.jar
7f76c44b5000-7f76c44b9000 r--s 00027000 fd:00 54996485                   /home/jreitzig/.m2/repository/commons-io/commons-io/2.2/commons-io-2.2.jar
7f76c44b9000-7f76c44ba000 r--s 00004000 fd:00 38188999                   /home/jreitzig/.m2/repository/org/apache/maven/maven-archiver/2.4.2/maven-archiver-2.4.2.jar
7f76c44ba000-7f76c44bc000 r--s 00009000 fd:00 21826183                   /home/jreitzig/.m2/repository/commons-cli/commons-cli/1.2/commons-cli-1.2.jar
7f76c44bc000-7f76c44be000 r--s 00005000 fd:00 50659396                   /home/jreitzig/.m2/repository/org/apache/tomcat/maven/tomcat7-war-runner/2.2/tomcat7-war-runner-2.2.jar
7f76c44be000-7f76c44c4000 r--s 00033000 fd:00 33691013                   /home/jreitzig/.m2/repository/commons-codec/commons-codec/1.6/commons-codec-1.6.jar
7f76c44c4000-7f76c44c6000 r--s 00000000 fd:00 55007815                   /home/jreitzig/.m2/repository/org/codehaus/plexus/plexus-component-annotations/1.5.5/plexus-component-annotations-1.5.5.jar
7f76c44c6000-7f76c44c8000 r--s 0000e000 fd:00 42027485                   /home/jreitzig/.m2/repository/commons-logging/commons-logging/1.1.3/commons-logging-1.1.3.jar
7f76c44c8000-7f76c44ce000 r--s 0003f000 fd:00 33781124                   /home/jreitzig/.m2/repository/org/apache/httpcomponents/httpcore/4.3/httpcore-4.3.jar
7f76c44ce000-7f76c44d9000 r--s 00084000 fd:00 27146105                   /home/jreitzig/.m2/repository/org/apache/httpcomponents/httpclient/4.3.1/httpclient-4.3.1.jar
7f76c44d9000-7f76c44dc000 r--s 00006000 fd:00 50680445                   /home/jreitzig/.m2/repository/com/google/code/findbugs/jsr305/1.3.9/jsr305-1.3.9.jar
7f76c44dc000-7f76c44fa000 r--s 00151000 fd:00 42001143                   /home/jreitzig/.m2/repository/com/google/guava/guava/10.0.1/guava-10.0.1.jar
7f76c44fa000-7f76c4502000 r--s 00049000 fd:00 13997406                   /home/jreitzig/.m2/repository/backport-util-concurrent/backport-util-concurrent/3.1/backport-util-concurrent-3.1.jar
7f76c4502000-7f76c4504000 r--s 00008000 fd:00 21173399                   /home/jreitzig/.m2/repository/org/apache/tomcat/maven/common-tomcat-maven-plugin/2.2/common-tomcat-maven-plugin-2.2.jar
7f76c4504000-7f76c4513000 r--s 001a9000 fd:00 58762653                   /home/jreitzig/.m2/repository/org/eclipse/jdt/core/compiler/ecj/4.2.2/ecj-4.2.2.jar
7f76c4513000-7f76c4515000 r--s 00013000 fd:00 19556585                   /home/jreitzig/.m2/repository/org/apache/tomcat/embed/tomcat-embed-logging-log4j/7.0.47/tomcat-embed-logging-log4j-7.0.47.jar
7f76c4515000-7f76c4517000 r--s 00008000 fd:00 14580626                   /home/jreitzig/.m2/repository/org/apache/tomcat/embed/tomcat-embed-logging-juli/7.0.47/tomcat-embed-logging-juli-7.0.47.jar
7f76c4517000-7f76c4519000 r--s 00008000 fd:00 21173397                   /home/jreitzig/.m2/repository/org/apache/tomcat/tomcat-juli/7.0.47/tomcat-juli-7.0.47.jar
7f76c4519000-7f76c451b000 r--s 0001f000 fd:00 9890622                    /home/jreitzig/.m2/repository/org/apache/tomcat/tomcat-catalina-ha/7.0.47/tomcat-catalina-ha-7.0.47.jar
7f76c451b000-7f76c451f000 r--s 0003b000 fd:00 5124793                    /home/jreitzig/.m2/repository/org/apache/tomcat/tomcat-tribes/7.0.47/tomcat-tribes-7.0.47.jar
7f76c451f000-7f76c4531000 r--s 00171000 fd:00 67134916                   /home/jreitzig/.m2/repository/org/apache/tomcat/tomcat-catalina/7.0.47/tomcat-catalina-7.0.47.jar
7f76c4531000-7f76c4533000 r--s 0000a000 fd:00 50676957                   /home/jreitzig/.m2/repository/org/apache/tomcat/tomcat-el-api/7.0.47/tomcat-el-api-7.0.47.jar
7f76c4533000-7f76c4536000 r--s 0001c000 fd:00 63374633                   /home/jreitzig/.m2/repository/org/apache/tomcat/tomcat-jasper-el/7.0.47/tomcat-jasper-el-7.0.47.jar
7f76c4536000-7f76c4736000 rw-p 00000000 00:00 0 
7f76c4736000-7f76c4936000 rw-p 00000000 00:00 0 
7f76c4936000-7f76c4939000 ---p 00000000 00:00 0 
7f76c4939000-7f76c4a37000 rw-p 00000000 00:00 0                          [stack:11682]
7f76c4a37000-7f76c4a3a000 ---p 00000000 00:00 0 
7f76c4a3a000-7f76c4b38000 rw-p 00000000 00:00 0 
7f76c4b38000-7f76c4b3b000 ---p 00000000 00:00 0 
7f76c4b3b000-7f76c4c39000 rw-p 00000000 00:00 0                          [stack:11683]
7f76c4c39000-7f76c4c3c000 ---p 00000000 00:00 0 
7f76c4c3c000-7f76c4d3a000 rw-p 00000000 00:00 0                          [stack:11663]
7f76c4d3a000-7f76c4d3d000 ---p 00000000 00:00 0 
7f76c4d3d000-7f76c4e3b000 rw-p 00000000 00:00 0                          [stack:11662]
7f76c4e3b000-7f76c4e3e000 ---p 00000000 00:00 0 
7f76c4e3e000-7f76c4f3c000 rw-p 00000000 00:00 0                          [stack:11661]
7f76c4f3c000-7f76c4f3f000 ---p 00000000 00:00 0 
7f76c4f3f000-7f76c523d000 rw-p 00000000 00:00 0                          [stack:11660]
7f76c523d000-7f76c523e000 r--s 00003000 fd:00 2100998                    /home/jreitzig/.m2/repository/org/apache/tomcat/tomcat-annotations-api/7.0.47/tomcat-annotations-api-7.0.47.jar
7f76c523e000-7f76c5246000 r--s 0008b000 fd:00 55244007                   /home/jreitzig/.m2/repository/org/apache/tomcat/tomcat-jasper/7.0.47/tomcat-jasper-7.0.47.jar
7f76c5246000-7f76c5249000 r--s 00013000 fd:00 46801958                   /home/jreitzig/.m2/repository/org/apache/tomcat/tomcat-jsp-api/7.0.47/tomcat-jsp-api-7.0.47.jar
7f76c5249000-7f76c524c000 r--s 00029000 fd:00 29412252                   /home/jreitzig/.m2/repository/org/apache/tomcat/tomcat-servlet-api/7.0.47/tomcat-servlet-api-7.0.47.jar
7f76c524c000-7f76c5250000 r--s 00036000 fd:00 42027483                   /home/jreitzig/.m2/repository/org/apache/tomcat/tomcat-dbcp/7.0.47/tomcat-dbcp-7.0.47.jar
7f76c5250000-7f76c5252000 r--s 0001d000 fd:00 38214206                   /home/jreitzig/.m2/repository/org/apache/tomcat/tomcat-jdbc/7.0.47/tomcat-jdbc-7.0.47.jar
7f76c5252000-7f76c5253000 r--s 00001000 fd:00 27146103                   /home/jreitzig/.m2/repository/org/apache/tomcat/tomcat-api/7.0.47/tomcat-api-7.0.47.jar
7f76c5253000-7f76c5261000 r--s 000be000 fd:00 33781121                   /home/jreitzig/.m2/repository/org/apache/tomcat/tomcat-coyote/7.0.47/tomcat-coyote-7.0.47.jar
7f76c5261000-7f76c5262000 r--s 00005000 fd:00 19556583                   /home/jreitzig/.m2/repository/org/apache/tomcat/tomcat-util/7.0.47/tomcat-util-7.0.47.jar
7f76c5262000-7f76c5289000 r--s 00290000 fd:00 14580624                   /home/jreitzig/.m2/repository/org/apache/tomcat/embed/tomcat-embed-core/7.0.47/tomcat-embed-core-7.0.47.jar
7f76c5289000-7f76c528b000 r--s 0001a000 fd:00 16777393                   /home/jreitzig/.m2/repository/org/apache/tomcat/maven/tomcat7-maven-plugin/2.2/tomcat7-maven-plugin-2.2.jar
7f76c528b000-7f76c528c000 r--s 00002000 fd:00 190186                     /home/jreitzig/.m2/repository/org/apache/maven/shared/maven-mapping/3.0.0/maven-mapping-3.0.0.jar
7f76c528c000-7f76c528e000 r--s 00001000 fd:00 46431333                   /home/jreitzig/.m2/repository/org/sonatype/plexus/plexus-build-api/0.0.7/plexus-build-api-0.0.7.jar
7f76c528e000-7f76c5290000 r--s 0000b000 fd:00 42012470                   /home/jreitzig/.m2/repository/org/apache/maven/shared/maven-filtering/3.1.1/maven-filtering-3.1.1.jar
7f76c5290000-7f76c5294000 r--s 00039000 fd:00 58815249                   /home/jreitzig/.m2/repository/org/codehaus/plexus/plexus-utils/3.0.24/plexus-utils-3.0.24.jar
7f76c5294000-7f76c5296000 r--s 00005000 fd:00 13997407                   /home/jreitzig/.m2/repository/xpp3/xpp3_min/1.1.4c/xpp3_min-1.1.4c.jar
7f76c5296000-7f76c5297000 r--s 00001000 fd:00 50511528                   /home/jreitzig/.m2/repository/xmlpull/xmlpull/1.1.3.1/xmlpull-1.1.3.1.jar
7f76c5297000-7f76c52a5000 r--s 00079000 fd:00 63145048                   /home/jreitzig/.m2/repository/com/thoughtworks/xstream/xstream/1.4.9/xstream-1.4.9.jar
7f76c52a5000-7f76c52a8000 r--s 00010000 fd:00 42031671                   /home/jreitzig/.m2/repository/org/codehaus/plexus/plexus-interpolation/1.22/plexus-interpolation-1.22.jar
7f76c52a8000-7f76c52ac000 r--s 00015000 fd:00 38189011                   /home/jreitzig/.m2/repository/org/tukaani/xz/1.5/xz-1.5.jar
7f76c52ac000-7f76c52ae000 r--s 0000d000 fd:00 25936665                   /home/jreitzig/.m2/repository/org/iq80/snappy/snappy/0.4/snappy-0.4.jar
7f76c52ae000-7f76c52b6000 r--s 00060000 fd:00 11460303                   /home/jreitzig/.m2/repository/org/apache/commons/commons-compress/1.11/commons-compress-1.11.jar
7f76c52b6000-7f76c52b9000 r--s 00012000 fd:00 67373235                   /home/jreitzig/.m2/repository/org/codehaus/plexus/plexus-io/2.7.1/plexus-io-2.7.1.jar
7f76c52b9000-7f76c52be000 r--s 00029000 fd:00 50511504                   /home/jreitzig/.m2/repository/org/codehaus/plexus/plexus-archiver/3.4/plexus-archiver-3.4.jar
7f76c52be000-7f76c52c1000 r--s 00023000 fd:00 25936663                   /home/jreitzig/.m2/repository/org/apache/maven/shared/maven-shared-utils/3.0.1/maven-shared-utils-3.0.1.jar
7f76c52c1000-7f76c52c2000 r--s 00005000 fd:00 21760667                   /home/jreitzig/.m2/repository/org/apache/maven/maven-archiver/3.1.1/maven-archiver-3.1.1.jar
7f76c52c2000-7f76c52c4000 r--s 00014000 fd:00 42031657                   /home/jreitzig/.m2/repository/org/apache/maven/plugins/maven-war-plugin/3.0.0/maven-war-plugin-3.0.0.jar
7f76c52c4000-7f76c54c4000 rw-p 00000000 00:00 0 
7f76c54c4000-7f76c56c4000 rw-p 00000000 00:00 0 
7f76c56c4000-7f76c58c4000 rw-p 00000000 00:00 0 
7f76c58c4000-7f76c58d6000 r-xp 00000000 fd:00 42001955                   /usr/lib/jvm/java-1.8.0-openjdk-1.8.0.144-0.b01.el7_4.x86_64/jre/lib/amd64/libnio.so
7f76c58d6000-7f76c5ad5000 ---p 00012000 fd:00 42001955                   /usr/lib/jvm/java-1.8.0-openjdk-1.8.0.144-0.b01.el7_4.x86_64/jre/lib/amd64/libnio.so
7f76c5ad5000-7f76c5ad6000 r--p 00011000 fd:00 42001955                   /usr/lib/jvm/java-1.8.0-openjdk-1.8.0.144-0.b01.el7_4.x86_64/jre/lib/amd64/libnio.so
7f76c5ad6000-7f76c5ad7000 rw-p 00012000 fd:00 42001955                   /usr/lib/jvm/java-1.8.0-openjdk-1.8.0.144-0.b01.el7_4.x86_64/jre/lib/amd64/libnio.so
7f76c5ad7000-7f76cc000000 r--p 00000000 fd:00 13505937                   /usr/lib/locale/locale-archive
7f76cc000000-7f76cc021000 rw-p 00000000 00:00 0 
7f76cc021000-7f76d0000000 ---p 00000000 00:00 0 
7f76d0000000-7f76d0021000 rw-p 00000000 00:00 0 
7f76d0021000-7f76d4000000 ---p 00000000 00:00 0 
7f76d4000000-7f76d4035000 rw-p 00000000 00:00 0 
7f76d4035000-7f76d8000000 ---p 00000000 00:00 0 
7f76d8000000-7f76d80a2000 rw-p 00000000 00:00 0 
7f76d80a2000-7f76dc000000 ---p 00000000 00:00 0 
7f76dc000000-7f76dc021000 rw-p 00000000 00:00 0 
7f76dc021000-7f76e0000000 ---p 00000000 00:00 0 
7f76e0000000-7f76e0001000 r--s 00002000 fd:00 38188993                   /home/jreitzig/.m2/repository/org/apache/maven/reporting/maven-reporting-api/2.0.9/maven-reporting-api-2.0.9.jar
7f76e0001000-7f76e0004000 r--s 00034000 fd:00 54996512                   /home/jreitzig/.m2/repository/org/codehaus/plexus/plexus-utils/2.1/plexus-utils-2.1.jar
7f76e0004000-7f76e0006000 r--s 00006000 fd:00 63143421                   /home/jreitzig/.m2/repository/org/apache/maven/shared/maven-common-artifact-filters/1.3/maven-common-artifact-filters-1.3.jar
7f76e0006000-7f76e0008000 r--s 0000d000 fd:00 50509887                   /home/jreitzig/.m2/repository/org/apache/maven/surefire/maven-surefire-common/2.10/maven-surefire-common-2.10.jar
7f76e0008000-7f76e000d000 r--s 00023000 fd:00 42012448                   /home/jreitzig/.m2/repository/org/apache/maven/surefire/surefire-api/2.10/surefire-api-2.10.jar
7f76e000d000-7f76e000f000 r--s 00007000 fd:00 33691047                   /home/jreitzig/.m2/repository/org/apache/maven/surefire/surefire-booter/2.10/surefire-booter-2.10.jar
7f76e000f000-7f76e0011000 r--s 00006000 fd:00 50509858                   /home/jreitzig/.m2/repository/org/apache/maven/plugins/maven-surefire-plugin/2.10/maven-surefire-plugin-2.10.jar
7f76e0011000-7f76e008b000 r--s 012bd000 fd:00 33597334                   /usr/lib/jvm/java-1.8.0-openjdk-1.8.0.144-0.b01.el7_4.x86_64/lib/tools.jar
7f76e008b000-7f76e008c000 r--s 00004000 fd:00 38256526                   /home/jreitzig/.m2/repository/org/codehaus/plexus/plexus-compiler-javac/2.8.2/plexus-compiler-javac-2.8.2.jar
7f76e008c000-7f76e008e000 r--s 00000000 fd:00 33769595                   /home/jreitzig/.m2/repository/org/codehaus/plexus/plexus-compiler-manager/2.8.2/plexus-compiler-manager-2.8.2.jar
7f76e008e000-7f76e0090000 r--s 00005000 fd:00 22182942                   /home/jreitzig/.m2/repository/org/codehaus/plexus/plexus-compiler-api/2.8.2/plexus-compiler-api-2.8.2.jar
7f76e0090000-7f76e0096000 r--s 00047000 fd:00 22182940                   /home/jreitzig/.m2/repository/com/thoughtworks/qdox/qdox/2.0-M7/qdox-2.0-M7.jar
7f76e0096000-7f76e0097000 r--s 0000d000 fd:00 190179                     /home/jreitzig/.m2/repository/org/ow2/asm/asm/6.0_BETA/asm-6.0_BETA.jar
7f76e0097000-7f76e0099000 r--s 00006000 fd:00 58763223                   /home/jreitzig/.m2/repository/org/codehaus/plexus/plexus-java/0.9.2/plexus-java-0.9.2.jar
7f76e0099000-7f76e009b000 r--s 00002000 fd:00 46440309                   /home/jreitzig/.m2/repository/org/apache/maven/shared/maven-shared-incremental/1.1/maven-shared-incremental-1.1.jar
7f76e009b000-7f76e009f000 r--s 0002f000 fd:00 38189009                   /home/jreitzig/.m2/repository/commons-io/commons-io/2.5/commons-io-2.5.jar
7f76e009f000-7f76e00a2000 r--s 00025000 fd:00 42012471                   /home/jreitzig/.m2/repository/org/apache/maven/shared/maven-shared-utils/3.1.0/maven-shared-utils-3.1.0.jar
7f76e00a2000-7f76e00a4000 r--s 00002000 fd:00 13911926                   /home/jreitzig/.m2/repository/org/sonatype/plexus/plexus-cipher/1.4/plexus-cipher-1.4.jar
7f76e00a4000-7f76e00a6000 r--s 00000000 fd:00 13911922                   /home/jreitzig/.m2/repository/org/codehaus/plexus/plexus-component-annotations/1.6/plexus-component-annotations-1.6.jar
7f76e00a6000-7f76e00bd000 r-xp 00000000 fd:00 42001954                   /usr/lib/jvm/java-1.8.0-openjdk-1.8.0.144-0.b01.el7_4.x86_64/jre/lib/amd64/libnet.so
7f76e00bd000-7f76e02bc000 ---p 00017000 fd:00 42001954                   /usr/lib/jvm/java-1.8.0-openjdk-1.8.0.144-0.b01.el7_4.x86_64/jre/lib/amd64/libnet.so
7f76e02bc000-7f76e02bd000 r--p 00016000 fd:00 42001954                   /usr/lib/jvm/java-1.8.0-openjdk-1.8.0.144-0.b01.el7_4.x86_64/jre/lib/amd64/libnet.so
7f76e02bd000-7f76e02be000 rw-p 00017000 fd:00 42001954                   /usr/lib/jvm/java-1.8.0-openjdk-1.8.0.144-0.b01.el7_4.x86_64/jre/lib/amd64/libnet.so
7f76e02be000-7f76e02c1000 ---p 00000000 00:00 0 
7f76e02c1000-7f76e04f7000 rw-p 00000000 00:00 0                          [stack:11659]
7f76e04f7000-7f76e06f7000 rw-p 00000000 00:00 0 
7f76e06f7000-7f76e06f8000 ---p 00000000 00:00 0 
7f76e06f8000-7f76e07f8000 rw-p 00000000 00:00 0                          [stack:11657]
7f76e07f8000-7f76e07fb000 ---p 00000000 00:00 0 
7f76e07fb000-7f76e08f9000 rw-p 00000000 00:00 0                          [stack:11656]
7f76e08f9000-7f76e08fc000 ---p 00000000 00:00 0 
7f76e08fc000-7f76e09fa000 rw-p 00000000 00:00 0                          [stack:11655]
7f76e09fa000-7f76e09fd000 ---p 00000000 00:00 0 
7f76e09fd000-7f76e0afb000 rw-p 00000000 00:00 0                          [stack:11654]
7f76e0afb000-7f76e0afe000 ---p 00000000 00:00 0 
7f76e0afe000-7f76e0bfc000 rw-p 00000000 00:00 0                          [stack:11653]
7f76e0bfc000-7f76e0bff000 ---p 00000000 00:00 0 
7f76e0bff000-7f76e0cfd000 rw-p 00000000 00:00 0                          [stack:11652]
7f76e0cfd000-7f76e0d00000 ---p 00000000 00:00 0 
7f76e0d00000-7f76e0dfe000 rw-p 00000000 00:00 0                          [stack:11651]
7f76e0dfe000-7f76e0dff000 ---p 00000000 00:00 0 
7f76e0dff000-7f76e1000000 rw-p 00000000 00:00 0                          [stack:11650]
7f76e1000000-7f76e1cf0000 rwxp 00000000 00:00 0 
7f76e1cf0000-7f76f0000000 ---p 00000000 00:00 0 
7f76f0000000-7f76f1559000 rw-p 00000000 00:00 0 
7f76f1559000-7f76f4000000 ---p 00000000 00:00 0 
7f76f4000000-7f76f4001000 r--s 00006000 fd:00 67372405                   /home/jreitzig/.m2/repository/org/sonatype/plexus/plexus-sec-dispatcher/1.3/plexus-sec-dispatcher-1.3.jar
7f76f4001000-7f76f4003000 r--s 0000d000 fd:00 42011168                   /home/jreitzig/.m2/repository/org/codehaus/plexus/plexus-interpolation/1.14/plexus-interpolation-1.14.jar
7f76f4003000-7f76f4007000 r--s 00017000 fd:00 25614415                   /home/jreitzig/.m2/repository/org/sonatype/aether/aether-util/1.7/aether-util-1.7.jar
7f76f4007000-7f76f400b000 r--s 00033000 fd:00 22050717                   /home/jreitzig/.m2/repository/org/codehaus/plexus/plexus-utils/2.0.4/plexus-utils-2.0.4.jar
7f76f400b000-7f76f4016000 r--s 00069000 fd:00 50509845                   /home/jreitzig/.m2/repository/org/sonatype/sisu/sisu-guice/2.1.7/sisu-guice-2.1.7-noaop.jar
7f76f4016000-7f76f401b000 r--s 00021000 fd:00 42011166                   /home/jreitzig/.m2/repository/org/sonatype/sisu/sisu-inject-bean/1.4.2/sisu-inject-bean-1.4.2.jar
7f76f401b000-7f76f401d000 r--s 0000d000 fd:00 33769581                   /home/jreitzig/.m2/repository/org/apache/maven/plugins/maven-compiler-plugin/3.7.0/maven-compiler-plugin-3.7.0.jar
7f76f401d000-7f76f401f000 r--s 0000d000 fd:00 63143409                   /home/jreitzig/.m2/repository/org/codehaus/plexus/plexus-interpolation/1.13/plexus-interpolation-1.13.jar
7f76f401f000-7f76f4020000 r--s 00001000 fd:00 46429890                   /home/jreitzig/.m2/repository/org/sonatype/plexus/plexus-build-api/0.0.4/plexus-build-api-0.0.4.jar
7f76f4020000-7f76f4022000 r--s 00009000 fd:00 19619007                   /home/jreitzig/.m2/repository/org/apache/maven/shared/maven-filtering/1.0/maven-filtering-1.0.jar
7f76f4022000-7f76f4025000 r--s 0001b000 fd:00 13995621                   /home/jreitzig/.m2/repository/junit/junit/3.8.1/junit-3.8.1.jar
7f76f4025000-7f76f4027000 r--s 00002000 fd:00 63143408                   /home/jreitzig/.m2/repository/org/codehaus/plexus/plexus-interactivity-api/1.0-alpha-4/plexus-interactivity-api-1.0-alpha-4.jar
7f76f4027000-7f76f4029000 r--s 00006000 fd:00 50509876                   /home/jreitzig/.m2/repository/commons-cli/commons-cli/1.0/commons-cli-1.0.jar
7f76f4029000-7f76f402a000 r--s 00001000 fd:00 21760647                   /home/jreitzig/.m2/repository/org/apache/maven/doxia/doxia-sink-api/1.0-alpha-7/doxia-sink-api-1.0-alpha-7.jar
7f76f402a000-7f76f402b000 r--s 00002000 fd:00 2064905                    /home/jreitzig/.m2/repository/org/apache/maven/reporting/maven-reporting-api/2.0.6/maven-reporting-api-2.0.6.jar
7f76f402b000-7f76f402d000 r--s 00005000 fd:00 25614422                   /home/jreitzig/.m2/repository/org/apache/maven/plugins/maven-resources-plugin/2.5/maven-resources-plugin-2.5.jar
7f76f402d000-7f76f4031000 r--s 00033000 fd:00 11460275                   /home/jreitzig/.m2/repository/org/codehaus/plexus/plexus-utils/2.0.5/plexus-utils-2.0.5.jar
7f76f4031000-7f76f4032000 r--s 00005000 fd:00 1987657                    /home/jreitzig/.m2/repository/org/apache/maven/plugins/maven-clean-plugin/2.4.1/maven-clean-plugin-2.4.1.jar
7f76f4032000-7f76f4033000 r--p 00000000 00:00 0 
7f76f4033000-7f76f4038000 r--s 000b3000 fd:00 54754043                   /usr/lib/jvm/java-1.8.0-openjdk-1.8.0.144-0.b01.el7_4.x86_64/jre/lib/jsse.jar
7f76f4038000-7f76f403e000 r--s 0002d000 fd:00 63028629                   /usr/share/java/sisu/sisu-inject-plexus.jar
7f76f403e000-7f76f4044000 r--s 0002c000 fd:00 63028627                   /usr/share/java/sisu/sisu-inject-bean.jar
7f76f4044000-7f76f4048000 r--s 00035000 fd:00 58723964                   /usr/share/java/plexus/utils.jar
7f76f4048000-7f76f404a000 r--s 00005000 fd:00 58810089                   /usr/share/java/plexus/plexus-sec-dispatcher.jar
7f76f404a000-7f76f404c000 r--s 00002000 fd:00 58809574                   /usr/share/java/plexus/plexus-cipher.jar
7f76f404c000-7f76f404e000 r--s 0000d000 fd:00 58810093                   /usr/share/java/plexus/interpolation.jar
7f76f404e000-7f76f4050000 r--s 00000000 fd:00 58809576                   /usr/share/java/plexus-containers/plexus-component-annotations.jar
7f76f4050000-7f76f4054000 r--s 0002f000 fd:00 19595479                   /usr/share/java/objectweb-asm/asm-all.jar
7f76f4054000-7f76f4056000 r--s 0000c000 fd:00 13995608                   /usr/share/java/maven-wagon/provider-api.jar
7f76f4056000-7f76f4057000 r--s 00008000 fd:00 13995606                   /usr/share/java/maven-wagon/http-shared4.jar
7f76f4057000-7f76f4058000 r--s 00003000 fd:00 13995607                   /usr/share/java/maven-wagon/http.jar
7f76f4058000-7f76f4059000 r--s 00003000 fd:00 13995597                   /usr/share/java/maven-wagon/file.jar
7f76f4059000-7f76f405b000 r--s 0000b000 fd:00 25604342                   /usr/share/java/maven/maven-settings.jar
7f76f405b000-7f76f405e000 r--s 00009000 fd:00 25604341                   /usr/share/java/maven/maven-settings-builder.jar
7f76f405e000-7f76f4060000 r--s 00007000 fd:00 25604340                   /usr/share/java/maven/maven-repository-metadata.jar
7f76f4060000-7f76f4062000 r--s 0000c000 fd:00 25604339                   /usr/share/java/maven/maven-plugin-api.jar
7f76f4062000-7f76f4064000 r--s 00027000 fd:00 25239135                   /usr/share/java/maven/maven-model.jar
7f76f4064000-7f76f4068000 r--s 00022000 fd:00 25239130                   /usr/share/java/maven/maven-model-builder.jar
7f76f4068000-7f76f4069000 r--s 0000b000 fd:00 25239121                   /usr/share/java/maven/maven-embedder.jar
7f76f4069000-7f76f4075000 r--s 0007e000 fd:00 25239115                   /usr/share/java/maven/maven-core.jar
7f76f4075000-7f76f407b000 r--s 00040000 fd:00 25239114                   /usr/share/java/maven/maven-compat.jar
7f76f407b000-7f76f407d000 r--s 0000c000 fd:00 25239113                   /usr/share/java/maven/maven-artifact.jar
7f76f407d000-7f76f407f000 r--s 0000d000 fd:00 25239112                   /usr/share/java/maven/maven-aether-provider.jar
7f76f407f000-7f76f4084000 r--s 00031000 fd:00 25608059                   /usr/share/java/httpcomponents/httpcore.jar
7f76f4084000-7f76f408e000 r--s 00060000 fd:00 25604333                   /usr/share/java/httpcomponents/httpclient.jar
7f76f408e000-7f76f40b3000 r--s 001a9000 fd:00 1296701                    /usr/share/java/guava.jar
7f76f40b3000-7f76f40bb000 r--s 00051000 fd:00 58810099                   /usr/share/java/guice/google-guice-no_aop.jar
7f76f40bb000-7f76f40bd000 r--s 0000d000 fd:00 1977514                    /usr/share/java/commons-logging.jar
7f76f40bd000-7f76f40c4000 r--s 0003a000 fd:00 1296703                    /usr/share/java/apache-commons-codec.jar
7f76f40c4000-7f76f40c5000 r--s 00009000 fd:00 309616                     /usr/share/java/commons-cli.jar
7f76f40c5000-7f76f40cc000 r--s 0003e000 fd:00 34555                      /usr/share/java/cglib.jar
7f76f40cc000-7f76f40d0000 r--s 0001c000 fd:00 1296695                    /usr/share/java/aether/aether-util.jar
7f76f40d0000-7f76f493b000 rw-p 00000000 00:00 0 
7f76f493b000-7f76f4b0a000 r--s 043f2000 fd:00 54754052                   /usr/lib/jvm/java-1.8.0-openjdk-1.8.0.144-0.b01.el7_4.x86_64/jre/lib/rt.jar
7f76f4b0a000-7f76f6c34000 rw-p 00000000 00:00 0 
7f76f6c34000-7f76f6c35000 ---p 00000000 00:00 0 
7f76f6c35000-7f76f6d35000 rw-p 00000000 00:00 0                          [stack:11649]
7f76f6d35000-7f76f6d36000 ---p 00000000 00:00 0 
7f76f6d36000-7f76f6e60000 rw-p 00000000 00:00 0                          [stack:11648]
7f76f6e60000-7f76f6f2e000 ---p 00000000 00:00 0 
7f76f6f2e000-7f76f6f58000 rw-p 00000000 00:00 0 
7f76f6f58000-7f76f7026000 ---p 00000000 00:00 0 
7f76f7026000-7f76f70a2000 rw-p 00000000 00:00 0 
7f76f70a2000-7f76f70d7000 rw-p 00000000 00:00 0 
7f76f70d7000-7f76f7463000 ---p 00000000 00:00 0 
7f76f7463000-7f76f746b000 r-xp 00000000 fd:00 42001962                   /usr/lib/jvm/java-1.8.0-openjdk-1.8.0.144-0.b01.el7_4.x86_64/jre/lib/amd64/libzip.so
7f76f746b000-7f76f766a000 ---p 00008000 fd:00 42001962                   /usr/lib/jvm/java-1.8.0-openjdk-1.8.0.144-0.b01.el7_4.x86_64/jre/lib/amd64/libzip.so
7f76f766a000-7f76f766b000 r--p 00007000 fd:00 42001962                   /usr/lib/jvm/java-1.8.0-openjdk-1.8.0.144-0.b01.el7_4.x86_64/jre/lib/amd64/libzip.so
7f76f766b000-7f76f766c000 rw-p 00008000 fd:00 42001962                   /usr/lib/jvm/java-1.8.0-openjdk-1.8.0.144-0.b01.el7_4.x86_64/jre/lib/amd64/libzip.so
7f76f766c000-7f76f7678000 r-xp 00000000 fd:00 34572                      /usr/lib64/libnss_files-2.17.so
7f76f7678000-7f76f7877000 ---p 0000c000 fd:00 34572                      /usr/lib64/libnss_files-2.17.so
7f76f7877000-7f76f7878000 r--p 0000b000 fd:00 34572                      /usr/lib64/libnss_files-2.17.so
7f76f7878000-7f76f7879000 rw-p 0000c000 fd:00 34572                      /usr/lib64/libnss_files-2.17.so
7f76f7879000-7f76f787f000 rw-p 00000000 00:00 0 
7f76f787f000-7f76f78ac000 r-xp 00000000 fd:00 41996280                   /usr/lib/jvm/java-1.8.0-openjdk-1.8.0.144-0.b01.el7_4.x86_64/jre/lib/amd64/libjava.so
7f76f78ac000-7f76f7aac000 ---p 0002d000 fd:00 41996280                   /usr/lib/jvm/java-1.8.0-openjdk-1.8.0.144-0.b01.el7_4.x86_64/jre/lib/amd64/libjava.so
7f76f7aac000-7f76f7aad000 r--p 0002d000 fd:00 41996280                   /usr/lib/jvm/java-1.8.0-openjdk-1.8.0.144-0.b01.el7_4.x86_64/jre/lib/amd64/libjava.so
7f76f7aad000-7f76f7aaf000 rw-p 0002e000 fd:00 41996280                   /usr/lib/jvm/java-1.8.0-openjdk-1.8.0.144-0.b01.el7_4.x86_64/jre/lib/amd64/libjava.so
7f76f7aaf000-7f76f7abc000 r-xp 00000000 fd:00 42001961                   /usr/lib/jvm/java-1.8.0-openjdk-1.8.0.144-0.b01.el7_4.x86_64/jre/lib/amd64/libverify.so
7f76f7abc000-7f76f7cbb000 ---p 0000d000 fd:00 42001961                   /usr/lib/jvm/java-1.8.0-openjdk-1.8.0.144-0.b01.el7_4.x86_64/jre/lib/amd64/libverify.so
7f76f7cbb000-7f76f7cbd000 r--p 0000c000 fd:00 42001961                   /usr/lib/jvm/java-1.8.0-openjdk-1.8.0.144-0.b01.el7_4.x86_64/jre/lib/amd64/libverify.so
7f76f7cbd000-7f76f7cbe000 rw-p 0000e000 fd:00 42001961                   /usr/lib/jvm/java-1.8.0-openjdk-1.8.0.144-0.b01.el7_4.x86_64/jre/lib/amd64/libverify.so
7f76f7cbe000-7f76f7cc5000 r-xp 00000000 fd:00 1226542                    /usr/lib64/librt-2.17.so
7f76f7cc5000-7f76f7ec4000 ---p 00007000 fd:00 1226542                    /usr/lib64/librt-2.17.so
7f76f7ec4000-7f76f7ec5000 r--p 00006000 fd:00 1226542                    /usr/lib64/librt-2.17.so
7f76f7ec5000-7f76f7ec6000 rw-p 00007000 fd:00 1226542                    /usr/lib64/librt-2.17.so
7f76f7ec6000-7f76f7edb000 r-xp 00000000 fd:00 84                         /usr/lib64/libgcc_s-4.8.5-20150702.so.1
7f76f7edb000-7f76f80da000 ---p 00015000 fd:00 84                         /usr/lib64/libgcc_s-4.8.5-20150702.so.1
7f76f80da000-7f76f80db000 r--p 00014000 fd:00 84                         /usr/lib64/libgcc_s-4.8.5-20150702.so.1
7f76f80db000-7f76f80dc000 rw-p 00015000 fd:00 84                         /usr/lib64/libgcc_s-4.8.5-20150702.so.1
7f76f80dc000-7f76f81dc000 r-xp 00000000 fd:00 34562                      /usr/lib64/libm-2.17.so
7f76f81dc000-7f76f83dc000 ---p 00100000 fd:00 34562                      /usr/lib64/libm-2.17.so
7f76f83dc000-7f76f83dd000 r--p 00100000 fd:00 34562                      /usr/lib64/libm-2.17.so
7f76f83dd000-7f76f83de000 rw-p 00101000 fd:00 34562                      /usr/lib64/libm-2.17.so
7f76f83de000-7f76f84c7000 r-xp 00000000 fd:00 34603                      /usr/lib64/libstdc++.so.6.0.19
7f76f84c7000-7f76f86c7000 ---p 000e9000 fd:00 34603                      /usr/lib64/libstdc++.so.6.0.19
7f76f86c7000-7f76f86d0000 r--p 000e9000 fd:00 34603                      /usr/lib64/libstdc++.so.6.0.19
7f76f86d0000-7f76f86d2000 rw-p 000f2000 fd:00 34603                      /usr/lib64/libstdc++.so.6.0.19
7f76f86d2000-7f76f86e7000 rw-p 00000000 00:00 0 
7f76f86e7000-7f76f93a4000 r-xp 00000000 fd:00 54713559                   /usr/lib/jvm/java-1.8.0-openjdk-1.8.0.144-0.b01.el7_4.x86_64/jre/lib/amd64/server/libjvm.so
7f76f93a4000-7f76f95a3000 ---p 00cbd000 fd:00 54713559                   /usr/lib/jvm/java-1.8.0-openjdk-1.8.0.144-0.b01.el7_4.x86_64/jre/lib/amd64/server/libjvm.so
7f76f95a3000-7f76f964e000 r--p 00cbc000 fd:00 54713559                   /usr/lib/jvm/java-1.8.0-openjdk-1.8.0.144-0.b01.el7_4.x86_64/jre/lib/amd64/server/libjvm.so
7f76f964e000-7f76f9677000 rw-p 00d67000 fd:00 54713559                   /usr/lib/jvm/java-1.8.0-openjdk-1.8.0.144-0.b01.el7_4.x86_64/jre/lib/amd64/server/libjvm.so
7f76f9677000-7f76f96aa000 rw-p 00000000 00:00 0 
7f76f96aa000-7f76f9860000 r-xp 00000000 fd:00 34554                      /usr/lib64/libc-2.17.so
7f76f9860000-7f76f9a60000 ---p 001b6000 fd:00 34554                      /usr/lib64/libc-2.17.so
7f76f9a60000-7f76f9a64000 r--p 001b6000 fd:00 34554                      /usr/lib64/libc-2.17.so
7f76f9a64000-7f76f9a66000 rw-p 001ba000 fd:00 34554                      /usr/lib64/libc-2.17.so
7f76f9a66000-7f76f9a6b000 rw-p 00000000 00:00 0 
7f76f9a6b000-7f76f9a6d000 r-xp 00000000 fd:00 34560                      /usr/lib64/libdl-2.17.so
7f76f9a6d000-7f76f9c6d000 ---p 00002000 fd:00 34560                      /usr/lib64/libdl-2.17.so
7f76f9c6d000-7f76f9c6e000 r--p 00002000 fd:00 34560                      /usr/lib64/libdl-2.17.so
7f76f9c6e000-7f76f9c6f000 rw-p 00003000 fd:00 34560                      /usr/lib64/libdl-2.17.so
7f76f9c6f000-7f76f9c7d000 r-xp 00000000 fd:00 42001979                   /usr/lib/jvm/java-1.8.0-openjdk-1.8.0.144-0.b01.el7_4.x86_64/lib/amd64/jli/libjli.so
7f76f9c7d000-7f76f9e7c000 ---p 0000e000 fd:00 42001979                   /usr/lib/jvm/java-1.8.0-openjdk-1.8.0.144-0.b01.el7_4.x86_64/lib/amd64/jli/libjli.so
7f76f9e7c000-7f76f9e7d000 r--p 0000d000 fd:00 42001979                   /usr/lib/jvm/java-1.8.0-openjdk-1.8.0.144-0.b01.el7_4.x86_64/lib/amd64/jli/libjli.so
7f76f9e7d000-7f76f9e7e000 rw-p 0000e000 fd:00 42001979                   /usr/lib/jvm/java-1.8.0-openjdk-1.8.0.144-0.b01.el7_4.x86_64/lib/amd64/jli/libjli.so
7f76f9e7e000-7f76f9e93000 r-xp 00000000 fd:00 67337                      /usr/lib64/libz.so.1.2.7
7f76f9e93000-7f76fa092000 ---p 00015000 fd:00 67337                      /usr/lib64/libz.so.1.2.7
7f76fa092000-7f76fa093000 r--p 00014000 fd:00 67337                      /usr/lib64/libz.so.1.2.7
7f76fa093000-7f76fa094000 rw-p 00015000 fd:00 67337                      /usr/lib64/libz.so.1.2.7
7f76fa094000-7f76fa0ab000 r-xp 00000000 fd:00 1226535                    /usr/lib64/libpthread-2.17.so
7f76fa0ab000-7f76fa2aa000 ---p 00017000 fd:00 1226535                    /usr/lib64/libpthread-2.17.so
7f76fa2aa000-7f76fa2ab000 r--p 00016000 fd:00 1226535                    /usr/lib64/libpthread-2.17.so
7f76fa2ab000-7f76fa2ac000 rw-p 00017000 fd:00 1226535                    /usr/lib64/libpthread-2.17.so
7f76fa2ac000-7f76fa2b0000 rw-p 00000000 00:00 0 
7f76fa2b0000-7f76fa2d0000 r-xp 00000000 fd:00 67429                      /usr/lib64/ld-2.17.so
7f76fa2d0000-7f76fa2d1000 r--s 00000000 fd:00 1296699                    /usr/share/java/atinject.jar
7f76fa2d1000-7f76fa2d3000 r--s 00001000 fd:00 172336                     /usr/share/java/aopalliance.jar
7f76fa2d3000-7f76fa2d4000 r--s 00003000 fd:00 1296697                    /usr/share/java/aether/aether-spi.jar
7f76fa2d4000-7f76fa2d7000 r--s 0001d000 fd:00 1226546                    /usr/share/java/aether/aether-impl.jar
7f76fa2d7000-7f76fa2da000 r--s 00013000 fd:00 1296690                    /usr/share/java/aether/aether-api.jar
7f76fa2da000-7f76fa3ba000 rw-p 00000000 00:00 0 
7f76fa3ba000-7f76fa3bd000 ---p 00000000 00:00 0 
7f76fa3bd000-7f76fa4c0000 rw-p 00000000 00:00 0                          [stack:11647]
7f76fa4c0000-7f76fa4c2000 r--s 00006000 fd:00 1978622                    /usr/share/java/aether/aether-connector-wagon.jar
7f76fa4c2000-7f76fa4c4000 r--s 0000a000 fd:00 58809567                   /usr/share/java/plexus/classworlds.jar
7f76fa4c4000-7f76fa4cc000 rw-s 00000000 fd:00 19556607                   /tmp/hsperfdata_jreitzig/11646
7f76fa4cc000-7f76fa4cd000 rw-p 00000000 00:00 0 
7f76fa4cd000-7f76fa4ce000 ---p 00000000 00:00 0 
7f76fa4ce000-7f76fa4cf000 rw-p 00000000 00:00 0 
7f76fa4cf000-7f76fa4d0000 r--p 0001f000 fd:00 67429                      /usr/lib64/ld-2.17.so
7f76fa4d0000-7f76fa4d1000 rw-p 00020000 fd:00 67429                      /usr/lib64/ld-2.17.so
7f76fa4d1000-7f76fa4d2000 rw-p 00000000 00:00 0 
7ffffaa1b000-7ffffaa3c000 rw-p 00000000 00:00 0                          [stack]
7ffffabdf000-7ffffabe1000 r-xp 00000000 00:00 0                          [vdso]
ffffffffff600000-ffffffffff601000 r-xp 00000000 00:00 0                  [vsyscall]

VM Arguments:
jvm_args: -Dclassworlds.conf=/usr/share/maven/bin/m2.conf -Dmaven.home=/usr/share/maven 
java_command: org.codehaus.plexus.classworlds.launcher.Launcher clean package
java_class_path (initial): /usr/share/maven/boot/plexus-classworlds.jar
Launcher Type: SUN_STANDARD

Environment Variables:
PATH=/usr/lib64/qt-3.3/bin:/usr/local/bin:/bin:/usr/bin:/usr/local/sbin:/usr/sbin:/home/jreitzig/.local/bin:/home/jreitzig/bin
SHELL=/bin/bash
DISPLAY=:0

Signal Handlers:
SIGSEGV: [libjvm.so+0xaada50], sa_mask[0]=11111111011111111101111111111110, sa_flags=SA_RESTART|SA_SIGINFO
SIGBUS: [libjvm.so+0xaada50], sa_mask[0]=11111111011111111101111111111110, sa_flags=SA_RESTART|SA_SIGINFO
SIGFPE: [libjvm.so+0x8a8280], sa_mask[0]=11111111011111111101111111111110, sa_flags=SA_RESTART|SA_SIGINFO
SIGPIPE: [libjvm.so+0x8a8280], sa_mask[0]=11111111011111111101111111111110, sa_flags=SA_RESTART|SA_SIGINFO
SIGXFSZ: [libjvm.so+0x8a8280], sa_mask[0]=11111111011111111101111111111110, sa_flags=SA_RESTART|SA_SIGINFO
SIGILL: [libjvm.so+0x8a8280], sa_mask[0]=11111111011111111101111111111110, sa_flags=SA_RESTART|SA_SIGINFO
SIGUSR1: SIG_DFL, sa_mask[0]=00000000000000000000000000000000, sa_flags=none
SIGUSR2: [libjvm.so+0x8a8130], sa_mask[0]=00000000000000000000000000000000, sa_flags=SA_RESTART|SA_SIGINFO
SIGHUP: [libjvm.so+0x8a8340], sa_mask[0]=11111111011111111101111111111110, sa_flags=SA_RESTART|SA_SIGINFO
SIGINT: [libjvm.so+0x8a8340], sa_mask[0]=11111111011111111101111111111110, sa_flags=SA_RESTART|SA_SIGINFO
SIGTERM: [libjvm.so+0x8a8340], sa_mask[0]=11111111011111111101111111111110, sa_flags=SA_RESTART|SA_SIGINFO
SIGQUIT: [libjvm.so+0x8a8340], sa_mask[0]=11111111011111111101111111111110, sa_flags=SA_RESTART|SA_SIGINFO


---------------  S Y S T E M  ---------------

OS:CentOS Linux release 7.3.1611 (Core) 

uname:Linux 3.10.0-514.10.2.el7.x86_64 #1 SMP Fri Mar 3 00:04:05 UTC 2017 x86_64
libc:glibc 2.17 NPTL 2.17 
rlimit: STACK 8192k, CORE 0k, NPROC 4096, NOFILE 4096, AS infinity
load average:29.20 13.52 5.52

/proc/meminfo:
MemTotal:        3044888 kB
MemFree:           60272 kB
MemAvailable:      14556 kB
Buffers:              20 kB
Cached:           106080 kB
SwapCached:          224 kB
Active:          2239876 kB
Inactive:         581304 kB
Active(anon):    2219760 kB
Inactive(anon):   561204 kB
Active(file):      20116 kB
Inactive(file):    20100 kB
Unevictable:          32 kB
Mlocked:              32 kB
SwapTotal:        839676 kB
SwapFree:              0 kB
Dirty:                20 kB
Writeback:            20 kB
AnonPages:       2715044 kB
Mapped:             1520 kB
Shmem:             65728 kB
Slab:              70808 kB
SReclaimable:      26948 kB
SUnreclaim:        43860 kB
KernelStack:        9680 kB
PageTables:        41388 kB
NFS_Unstable:          0 kB
Bounce:                0 kB
WritebackTmp:          0 kB
CommitLimit:     2362120 kB
Committed_AS:    7643356 kB
VmallocTotal:   34359738367 kB
VmallocUsed:       36832 kB
VmallocChunk:   34359693304 kB
HardwareCorrupted:     0 kB
AnonHugePages:   1239040 kB
HugePages_Total:       0
HugePages_Free:        0
HugePages_Rsvd:        0
HugePages_Surp:        0
Hugepagesize:       2048 kB
DirectMap4k:      149440 kB
DirectMap2M:     3127296 kB


CPU:total 2 (initial active 2) (2 cores per cpu, 1 threads per core) family 6 model 61 stepping 4, cmov, cx8, fxsr, mmx, sse, sse2, sse3, ssse3, sse4.1, sse4.2, popcnt, avx, aes, clmul, 3dnowpref, lzcnt, tsc, tscinvbit

/proc/cpuinfo:
processor	: 0
vendor_id	: GenuineIntel
cpu family	: 6
model		: 61
model name	: Intel(R) Core(TM) i5-5300U CPU @ 2.30GHz
stepping	: 4
cpu MHz		: 2294.730
cache size	: 3072 KB
physical id	: 0
siblings	: 2
core id		: 0
cpu cores	: 2
apicid		: 0
initial apicid	: 0
fpu		: yes
fpu_exception	: yes
cpuid level	: 20
wp		: yes
flags		: fpu vme de pse tsc msr pae mce cx8 apic sep mtrr pge mca cmov pat pse36 clflush mmx fxsr sse sse2 ht syscall nx rdtscp lm constant_tsc rep_good nopl xtopology nonstop_tsc pni pclmulqdq ssse3 cx16 sse4_1 sse4_2 movbe popcnt aes xsave avx rdrand hypervisor lahf_lm abm 3dnowprefetch rdseed
bogomips	: 4589.46
clflush size	: 64
cache_alignment	: 64
address sizes	: 39 bits physical, 48 bits virtual
power management:

processor	: 1
vendor_id	: GenuineIntel
cpu family	: 6
model		: 61
model name	: Intel(R) Core(TM) i5-5300U CPU @ 2.30GHz
stepping	: 4
cpu MHz		: 2294.730
cache size	: 3072 KB
physical id	: 0
siblings	: 2
core id		: 1
cpu cores	: 2
apicid		: 1
initial apicid	: 1
fpu		: yes
fpu_exception	: yes
cpuid level	: 20
wp		: yes
flags		: fpu vme de pse tsc msr pae mce cx8 apic sep mtrr pge mca cmov pat pse36 clflush mmx fxsr sse sse2 ht syscall nx rdtscp lm constant_tsc rep_good nopl xtopology nonstop_tsc pni pclmulqdq ssse3 cx16 sse4_1 sse4_2 movbe popcnt aes xsave avx rdrand hypervisor lahf_lm abm 3dnowprefetch rdseed
bogomips	: 4589.46
clflush size	: 64
cache_alignment	: 64
address sizes	: 39 bits physical, 48 bits virtual
power management:



Memory: 4k page, physical 3044888k(64784k free), swap 839676k(0k free)

vm_info: OpenJDK 64-Bit Server VM (25.144-b01) for linux-amd64 JRE (1.8.0_144-b01), built on Sep  6 2017 14:53:02 by "mockbuild" with gcc 4.8.5 20150623 (Red Hat 4.8.5-16)

time: Sun Nov  5 13:09:55 2017
elapsed time: 183 seconds (0d 0h 3m 3s)

